16-06-2021 12:55:32.711 [Gauge] [INFO] Watching directory: C:\Users\ozake\IdeaProjects\ThyMobileTest\specs
16-06-2021 12:55:32.712 [Gauge] [DEBUG] Found 2 files
16-06-2021 12:55:32.718 [Gauge] [INFO] Initializing concepts cache with 4 concepts
16-06-2021 12:55:32.718 [Gauge] [DEBUG] Adding concepts from C:\Users\ozake\IdeaProjects\ThyMobileTest\specs\Concepts.cpt
16-06-2021 12:55:32.718 [Gauge] [DEBUG] Adding concepts from C:\Users\ozake\IdeaProjects\ThyMobileTest\specs\Concepts.cpt
16-06-2021 12:55:32.719 [Gauge] [DEBUG] Adding concepts from C:\Users\ozake\IdeaProjects\ThyMobileTest\specs\Concepts.cpt
16-06-2021 12:55:32.719 [Gauge] [DEBUG] Adding concepts from C:\Users\ozake\IdeaProjects\ThyMobileTest\specs\Concepts.cpt
16-06-2021 12:55:32.719 [Gauge] [INFO] Initializing specs cache with 1 specs
16-06-2021 12:55:32.720 [Gauge] [DEBUG] Adding specs from C:\Users\ozake\IdeaProjects\ThyMobileTest\specs\Specs.spec
16-06-2021 12:55:32.720 [Gauge] [INFO] Initializing steps cache with 2 steps
16-06-2021 12:55:32.720 [Gauge] [INFO] Gauge daemon initialized and listening on port: 53252
16-06-2021 12:55:33.433 [Gauge] [DEBUG] Api Request Received: messageType:GetStepValueRequest messageId:4 stepValueRequest:<stepText:"Wait \"2\" seconds" > 
16-06-2021 12:55:33.433 [Gauge] [DEBUG] Sending API response: messageType:GetStepValueResponse messageId:4 stepValueResponse:<stepValue:<stepValue:"Wait {} seconds" parameterizedStepValue:"Wait <2> seconds" parameters:"2" > > 
16-06-2021 12:55:33.433 [Gauge] [DEBUG] Api Request Received: messageType:GetStepValueRequest messageId:4 stepValueRequest:<stepText:"Vowels in English language are <vowelString>." > 
16-06-2021 12:55:33.434 [Gauge] [DEBUG] Sending API response: messageType:GetStepValueResponse messageId:4 stepValueResponse:<stepValue:<stepValue:"Vowels in English language are {}." parameterizedStepValue:"Vowels in English language are <vowelString>." parameters:"vowelString" > > 
16-06-2021 12:55:33.434 [Gauge] [DEBUG] Api Request Received: messageType:GetStepValueRequest messageId:4 stepValueRequest:<stepText:"The word <word> has <expectedCount> vowels." > 
16-06-2021 12:55:33.434 [Gauge] [DEBUG] Sending API response: messageType:GetStepValueResponse messageId:4 stepValueResponse:<stepValue:<stepValue:"The word {} has {} vowels." parameterizedStepValue:"The word <word> has <expectedCount> vowels." parameters:"word" parameters:"expectedCount" > > 
16-06-2021 12:55:33.434 [Gauge] [DEBUG] Api Request Received: messageType:GetStepValueRequest messageId:4 stepValueRequest:<stepText:"Almost all words have vowels <wordsTable>" > 
16-06-2021 12:55:33.434 [Gauge] [DEBUG] Sending API response: messageType:GetStepValueResponse messageId:4 stepValueResponse:<stepValue:<stepValue:"Almost all words have vowels {}" parameterizedStepValue:"Almost all words have vowels <wordsTable>" parameters:"wordsTable" > > 
16-06-2021 12:55:33.480 [Gauge] [DEBUG] Api Request Received: messageType:GetStepValueRequest messageId:4 stepValueRequest:<stepText:"click on element \"AllowButton\" by id in \"OpenApplication.json\"" > 
16-06-2021 12:55:33.480 [Gauge] [DEBUG] Sending API response: messageType:GetStepValueResponse messageId:4 stepValueResponse:<stepValue:<stepValue:"click on element {} by id in {}" parameterizedStepValue:"click on element <AllowButton> by id in <OpenApplication.json>" parameters:"AllowButton" parameters:"OpenApplication.json" > > 
16-06-2021 12:55:33.561 [Gauge] [DEBUG] Api Request Received: messageType:GetStepValueRequest messageId:4 stepValueRequest:<stepText:"click on element \"OkButton\" by id in \"OpenApplication.json\" if displayed" > 
16-06-2021 12:55:33.561 [Gauge] [DEBUG] Sending API response: messageType:GetStepValueResponse messageId:4 stepValueResponse:<stepValue:<stepValue:"click on element {} by id in {} if displayed" parameterizedStepValue:"click on element <OkButton> by id in <OpenApplication.json> if displayed" parameters:"OkButton" parameters:"OpenApplication.json" > > 
16-06-2021 12:55:33.664 [Gauge] [DEBUG] Api Request Received: messageType:GetStepValueRequest messageId:4 stepValueRequest:<stepText:"click on element \"AcceptCookiesButton\" by id in \"OpenApplication.json\"" > 
16-06-2021 12:55:33.664 [Gauge] [DEBUG] Sending API response: messageType:GetStepValueResponse messageId:4 stepValueResponse:<stepValue:<stepValue:"click on element {} by id in {}" parameterizedStepValue:"click on element <AcceptCookiesButton> by id in <OpenApplication.json>" parameters:"AcceptCookiesButton" parameters:"OpenApplication.json" > > 
16-06-2021 12:55:33.739 [Gauge] [DEBUG] Api Request Received: messageType:GetStepValueRequest messageId:4 stepValueRequest:<stepText:"click on element \"BookAFlightButton\" by id in \"HomePage.json\"" > 
16-06-2021 12:55:33.739 [Gauge] [DEBUG] Sending API response: messageType:GetStepValueResponse messageId:4 stepValueResponse:<stepValue:<stepValue:"click on element {} by id in {}" parameterizedStepValue:"click on element <BookAFlightButton> by id in <HomePage.json>" parameters:"BookAFlightButton" parameters:"HomePage.json" > > 
16-06-2021 12:55:33.807 [Gauge] [DEBUG] Api Request Received: messageType:GetStepValueRequest messageId:4 stepValueRequest:<stepText:"click on element \"OneWayButton\" by id in \"BuyTicketPage.json\"" > 
16-06-2021 12:55:33.807 [Gauge] [DEBUG] Sending API response: messageType:GetStepValueResponse messageId:4 stepValueResponse:<stepValue:<stepValue:"click on element {} by id in {}" parameterizedStepValue:"click on element <OneWayButton> by id in <BuyTicketPage.json>" parameters:"OneWayButton" parameters:"BuyTicketPage.json" > > 
16-06-2021 12:55:33.878 [Gauge] [DEBUG] Api Request Received: messageType:GetStepValueRequest messageId:4 stepValueRequest:<stepText:"click on element \"FromButton\" by id in \"BuyTicketPage.json\"" > 
16-06-2021 12:55:33.878 [Gauge] [DEBUG] Sending API response: messageType:GetStepValueResponse messageId:4 stepValueResponse:<stepValue:<stepValue:"click on element {} by id in {}" parameterizedStepValue:"click on element <FromButton> by id in <BuyTicketPage.json>" parameters:"FromButton" parameters:"BuyTicketPage.json" > > 
16-06-2021 12:55:33.944 [Gauge] [DEBUG] Api Request Received: messageType:GetStepValueRequest messageId:4 stepValueRequest:<stepText:"Type \"SAW\" inside element \"SearchBox\" by id in \"BuyTicketPage.json\"" > 
16-06-2021 12:55:33.944 [Gauge] [DEBUG] Sending API response: messageType:GetStepValueResponse messageId:4 stepValueResponse:<stepValue:<stepValue:"Type {} inside element {} by id in {}" parameterizedStepValue:"Type <SAW> inside element <SearchBox> by id in <BuyTicketPage.json>" parameters:"SAW" parameters:"SearchBox" parameters:"BuyTicketPage.json" > > 
16-06-2021 12:55:34.015 [Gauge] [DEBUG] Api Request Received: messageType:GetStepValueRequest messageId:4 stepValueRequest:<stepText:"click on element \"SAW\" by xpath in \"BuyTicketPage.json\"" > 
16-06-2021 12:55:34.015 [Gauge] [DEBUG] Sending API response: messageType:GetStepValueResponse messageId:4 stepValueResponse:<stepValue:<stepValue:"click on element {} by xpath in {}" parameterizedStepValue:"click on element <SAW> by xpath in <BuyTicketPage.json>" parameters:"SAW" parameters:"BuyTicketPage.json" > > 
16-06-2021 12:55:34.086 [Gauge] [DEBUG] Api Request Received: messageType:GetStepValueRequest messageId:4 stepValueRequest:<stepText:"click on element \"ToButton\" by id in \"BuyTicketPage.json\"" > 
16-06-2021 12:55:34.086 [Gauge] [DEBUG] Sending API response: messageType:GetStepValueResponse messageId:4 stepValueResponse:<stepValue:<stepValue:"click on element {} by id in {}" parameterizedStepValue:"click on element <ToButton> by id in <BuyTicketPage.json>" parameters:"ToButton" parameters:"BuyTicketPage.json" > > 
16-06-2021 12:55:34.193 [Gauge] [DEBUG] Api Request Received: messageType:GetStepValueRequest messageId:4 stepValueRequest:<stepText:"Type \"ESB\" inside element \"SearchBox\" by id in \"BuyTicketPage.json\"" > 
16-06-2021 12:55:34.193 [Gauge] [DEBUG] Sending API response: messageType:GetStepValueResponse messageId:4 stepValueResponse:<stepValue:<stepValue:"Type {} inside element {} by id in {}" parameterizedStepValue:"Type <ESB> inside element <SearchBox> by id in <BuyTicketPage.json>" parameters:"ESB" parameters:"SearchBox" parameters:"BuyTicketPage.json" > > 
16-06-2021 12:55:34.294 [Gauge] [DEBUG] Api Request Received: messageType:GetStepValueRequest messageId:4 stepValueRequest:<stepText:"click on element \"ESB\" by xpath in \"BuyTicketPage.json\"" > 
16-06-2021 12:55:34.294 [Gauge] [DEBUG] Sending API response: messageType:GetStepValueResponse messageId:4 stepValueResponse:<stepValue:<stepValue:"click on element {} by xpath in {}" parameterizedStepValue:"click on element <ESB> by xpath in <BuyTicketPage.json>" parameters:"ESB" parameters:"BuyTicketPage.json" > > 
16-06-2021 12:55:34.399 [Gauge] [DEBUG] Api Request Received: messageType:GetStepValueRequest messageId:4 stepValueRequest:<stepText:"click on element \"DepartureDateButton\" by id in \"BuyTicketPage.json\"" > 
16-06-2021 12:55:34.399 [Gauge] [DEBUG] Sending API response: messageType:GetStepValueResponse messageId:4 stepValueResponse:<stepValue:<stepValue:"click on element {} by id in {}" parameterizedStepValue:"click on element <DepartureDateButton> by id in <BuyTicketPage.json>" parameters:"DepartureDateButton" parameters:"BuyTicketPage.json" > > 
16-06-2021 12:55:34.503 [Gauge] [DEBUG] Api Request Received: messageType:GetStepValueRequest messageId:4 stepValueRequest:<stepText:"Select Date \"DateToday\" by id in page \"BuyTicketPage.json\"" > 
16-06-2021 12:55:34.503 [Gauge] [DEBUG] Sending API response: messageType:GetStepValueResponse messageId:4 stepValueResponse:<stepValue:<stepValue:"Select Date {} by id in page {}" parameterizedStepValue:"Select Date <DateToday> by id in page <BuyTicketPage.json>" parameters:"DateToday" parameters:"BuyTicketPage.json" > > 
16-06-2021 12:55:34.574 [Gauge] [DEBUG] Api Request Received: messageType:GetStepValueRequest messageId:4 stepValueRequest:<stepText:"click on element \"DoneButton\" by id in \"BuyTicketPage.json\"" > 
16-06-2021 12:55:34.574 [Gauge] [DEBUG] Sending API response: messageType:GetStepValueResponse messageId:4 stepValueResponse:<stepValue:<stepValue:"click on element {} by id in {}" parameterizedStepValue:"click on element <DoneButton> by id in <BuyTicketPage.json>" parameters:"DoneButton" parameters:"BuyTicketPage.json" > > 
16-06-2021 12:55:34.651 [Gauge] [DEBUG] Api Request Received: messageType:GetStepValueRequest messageId:4 stepValueRequest:<stepText:"click on element \"AdultNumberIncrease\" by xpath in \"BuyTicketPage.json\"" > 
16-06-2021 12:55:34.651 [Gauge] [DEBUG] Sending API response: messageType:GetStepValueResponse messageId:4 stepValueResponse:<stepValue:<stepValue:"click on element {} by xpath in {}" parameterizedStepValue:"click on element <AdultNumberIncrease> by xpath in <BuyTicketPage.json>" parameters:"AdultNumberIncrease" parameters:"BuyTicketPage.json" > > 
16-06-2021 12:55:34.739 [Gauge] [DEBUG] Api Request Received: messageType:GetStepValueRequest messageId:4 stepValueRequest:<stepText:"click on element \"SearchFlight\" by id in \"BuyTicketPage.json\"" > 
16-06-2021 12:55:34.739 [Gauge] [DEBUG] Sending API response: messageType:GetStepValueResponse messageId:4 stepValueResponse:<stepValue:<stepValue:"click on element {} by id in {}" parameterizedStepValue:"click on element <SearchFlight> by id in <BuyTicketPage.json>" parameters:"SearchFlight" parameters:"BuyTicketPage.json" > > 
16-06-2021 12:55:34.914 [Gauge] [DEBUG] Api Request Received: messageType:GetStepValueRequest messageId:4 stepValueRequest:<stepText:"Check if \"FlightList\" is visible by id in \"FlightsPage.json\"" > 
16-06-2021 12:55:34.914 [Gauge] [DEBUG] Sending API response: messageType:GetStepValueResponse messageId:4 stepValueResponse:<stepValue:<stepValue:"Check if {} is visible by id in {}" parameterizedStepValue:"Check if <FlightList> is visible by id in <FlightsPage.json>" parameters:"FlightList" parameters:"FlightsPage.json" > > 
16-06-2021 12:55:34.962 [Gauge] [DEBUG] Api Request Received: messageType:GetStepValueRequest messageId:4 stepValueRequest:<stepText:"Wait \"1\" seconds" > 
16-06-2021 12:55:34.962 [Gauge] [DEBUG] Sending API response: messageType:GetStepValueResponse messageId:4 stepValueResponse:<stepValue:<stepValue:"Wait {} seconds" parameterizedStepValue:"Wait <1> seconds" parameters:"1" > > 
16-06-2021 12:55:35.036 [Gauge] [DEBUG] Api Request Received: messageType:GetStepValueRequest messageId:4 stepValueRequest:<stepText:"click on element \"FirstFlight\" by xpath in \"FlightsPage.json\"" > 
16-06-2021 12:55:35.036 [Gauge] [DEBUG] Sending API response: messageType:GetStepValueResponse messageId:4 stepValueResponse:<stepValue:<stepValue:"click on element {} by xpath in {}" parameterizedStepValue:"click on element <FirstFlight> by xpath in <FlightsPage.json>" parameters:"FirstFlight" parameters:"FlightsPage.json" > > 
16-06-2021 12:55:35.143 [Gauge] [DEBUG] Api Request Received: messageType:GetStepValueRequest messageId:4 stepValueRequest:<stepText:"click on element \"EcoFly\" by xpath in \"FlightsPage.json\"" > 
16-06-2021 12:55:35.143 [Gauge] [DEBUG] Sending API response: messageType:GetStepValueResponse messageId:4 stepValueResponse:<stepValue:<stepValue:"click on element {} by xpath in {}" parameterizedStepValue:"click on element <EcoFly> by xpath in <FlightsPage.json>" parameters:"EcoFly" parameters:"FlightsPage.json" > > 
16-06-2021 12:55:35.240 [Gauge] [DEBUG] Api Request Received: messageType:GetStepValueRequest messageId:4 stepValueRequest:<stepText:"click on element \"ContinueButton\" by id in \"FlightsPage.json\"" > 
16-06-2021 12:55:35.240 [Gauge] [DEBUG] Sending API response: messageType:GetStepValueResponse messageId:4 stepValueResponse:<stepValue:<stepValue:"click on element {} by id in {}" parameterizedStepValue:"click on element <ContinueButton> by id in <FlightsPage.json>" parameters:"ContinueButton" parameters:"FlightsPage.json" > > 
16-06-2021 12:55:41.940 [Gauge] [DEBUG] Api Request Received: messageType:GetStepValueRequest messageId:4 stepValueRequest:<stepText:"* Wait \"2\" seconds" > 
16-06-2021 12:55:41.940 [Gauge] [DEBUG] Sending API response: messageType:GetStepValueResponse messageId:4 stepValueResponse:<stepValue:<stepValue:"* Wait {} seconds" parameterizedStepValue:"* Wait <2> seconds" parameters:"2" > > 
16-06-2021 12:55:41.940 [Gauge] [DEBUG] Api Request Received: messageType:GetStepValueRequest messageId:4 stepValueRequest:<stepText:"* click on element \"AllowButton\" by id in \"OpenApplication.json\"" > 
16-06-2021 12:55:41.940 [Gauge] [DEBUG] Sending API response: messageType:GetStepValueResponse messageId:4 stepValueResponse:<stepValue:<stepValue:"* click on element {} by id in {}" parameterizedStepValue:"* click on element <AllowButton> by id in <OpenApplication.json>" parameters:"AllowButton" parameters:"OpenApplication.json" > > 
16-06-2021 12:55:41.940 [Gauge] [DEBUG] Api Request Received: messageType:GetStepValueRequest messageId:4 stepValueRequest:<stepText:"* click on element \"OkButton\" by id in \"OpenApplication.json\" if displayed" > 
16-06-2021 12:55:41.940 [Gauge] [DEBUG] Sending API response: messageType:GetStepValueResponse messageId:4 stepValueResponse:<stepValue:<stepValue:"* click on element {} by id in {} if displayed" parameterizedStepValue:"* click on element <OkButton> by id in <OpenApplication.json> if displayed" parameters:"OkButton" parameters:"OpenApplication.json" > > 
16-06-2021 12:55:41.941 [Gauge] [DEBUG] Api Request Received: messageType:GetStepValueRequest messageId:4 stepValueRequest:<stepText:"* click on element \"AcceptCookiesButton\" by id in \"OpenApplication.json\"" > 
16-06-2021 12:55:41.941 [Gauge] [DEBUG] Sending API response: messageType:GetStepValueResponse messageId:4 stepValueResponse:<stepValue:<stepValue:"* click on element {} by id in {}" parameterizedStepValue:"* click on element <AcceptCookiesButton> by id in <OpenApplication.json>" parameters:"AcceptCookiesButton" parameters:"OpenApplication.json" > > 
16-06-2021 12:55:41.943 [Gauge] [DEBUG] Api Request Received: messageType:GetStepValueRequest messageId:4 stepValueRequest:<stepText:"* click on element \"BookAFlightButton\" by id in \"HomePage.json\"" > 
16-06-2021 12:55:41.943 [Gauge] [DEBUG] Sending API response: messageType:GetStepValueResponse messageId:4 stepValueResponse:<stepValue:<stepValue:"* click on element {} by id in {}" parameterizedStepValue:"* click on element <BookAFlightButton> by id in <HomePage.json>" parameters:"BookAFlightButton" parameters:"HomePage.json" > > 
16-06-2021 12:55:41.943 [Gauge] [DEBUG] Api Request Received: messageType:GetStepValueRequest messageId:4 stepValueRequest:<stepText:"* click on element \"OneWayButton\" by id in \"BuyTicketPage.json\"" > 
16-06-2021 12:55:41.943 [Gauge] [DEBUG] Sending API response: messageType:GetStepValueResponse messageId:4 stepValueResponse:<stepValue:<stepValue:"* click on element {} by id in {}" parameterizedStepValue:"* click on element <OneWayButton> by id in <BuyTicketPage.json>" parameters:"OneWayButton" parameters:"BuyTicketPage.json" > > 
16-06-2021 12:55:41.943 [Gauge] [DEBUG] Api Request Received: messageType:GetStepValueRequest messageId:4 stepValueRequest:<stepText:"* click on element \"FromButton\" by id in \"BuyTicketPage.json\"" > 
16-06-2021 12:55:41.943 [Gauge] [DEBUG] Sending API response: messageType:GetStepValueResponse messageId:4 stepValueResponse:<stepValue:<stepValue:"* click on element {} by id in {}" parameterizedStepValue:"* click on element <FromButton> by id in <BuyTicketPage.json>" parameters:"FromButton" parameters:"BuyTicketPage.json" > > 
16-06-2021 12:55:41.943 [Gauge] [DEBUG] Api Request Received: messageType:GetStepValueRequest messageId:4 stepValueRequest:<stepText:"* Type \"SAW\" inside element \"SearchBox\" by id in \"BuyTicketPage.json\"" > 
16-06-2021 12:55:41.944 [Gauge] [DEBUG] Sending API response: messageType:GetStepValueResponse messageId:4 stepValueResponse:<stepValue:<stepValue:"* Type {} inside element {} by id in {}" parameterizedStepValue:"* Type <SAW> inside element <SearchBox> by id in <BuyTicketPage.json>" parameters:"SAW" parameters:"SearchBox" parameters:"BuyTicketPage.json" > > 
16-06-2021 12:55:41.944 [Gauge] [DEBUG] Api Request Received: messageType:GetStepValueRequest messageId:4 stepValueRequest:<stepText:"* click on element \"SAW\" by xpath in \"BuyTicketPage.json\"" > 
16-06-2021 12:55:41.944 [Gauge] [DEBUG] Sending API response: messageType:GetStepValueResponse messageId:4 stepValueResponse:<stepValue:<stepValue:"* click on element {} by xpath in {}" parameterizedStepValue:"* click on element <SAW> by xpath in <BuyTicketPage.json>" parameters:"SAW" parameters:"BuyTicketPage.json" > > 
16-06-2021 12:55:41.944 [Gauge] [DEBUG] Api Request Received: messageType:GetStepValueRequest messageId:4 stepValueRequest:<stepText:"* click on element \"ToButton\" by id in \"BuyTicketPage.json\"" > 
16-06-2021 12:55:41.944 [Gauge] [DEBUG] Sending API response: messageType:GetStepValueResponse messageId:4 stepValueResponse:<stepValue:<stepValue:"* click on element {} by id in {}" parameterizedStepValue:"* click on element <ToButton> by id in <BuyTicketPage.json>" parameters:"ToButton" parameters:"BuyTicketPage.json" > > 
16-06-2021 12:55:41.944 [Gauge] [DEBUG] Api Request Received: messageType:GetStepValueRequest messageId:4 stepValueRequest:<stepText:"* Type \"ESB\" inside element \"SearchBox\" by id in \"BuyTicketPage.json\"" > 
16-06-2021 12:55:41.944 [Gauge] [DEBUG] Sending API response: messageType:GetStepValueResponse messageId:4 stepValueResponse:<stepValue:<stepValue:"* Type {} inside element {} by id in {}" parameterizedStepValue:"* Type <ESB> inside element <SearchBox> by id in <BuyTicketPage.json>" parameters:"ESB" parameters:"SearchBox" parameters:"BuyTicketPage.json" > > 
16-06-2021 12:55:41.945 [Gauge] [DEBUG] Api Request Received: messageType:GetStepValueRequest messageId:4 stepValueRequest:<stepText:"* click on element \"ESB\" by xpath in \"BuyTicketPage.json\"" > 
16-06-2021 12:55:41.945 [Gauge] [DEBUG] Sending API response: messageType:GetStepValueResponse messageId:4 stepValueResponse:<stepValue:<stepValue:"* click on element {} by xpath in {}" parameterizedStepValue:"* click on element <ESB> by xpath in <BuyTicketPage.json>" parameters:"ESB" parameters:"BuyTicketPage.json" > > 
16-06-2021 12:55:41.945 [Gauge] [DEBUG] Api Request Received: messageType:GetStepValueRequest messageId:4 stepValueRequest:<stepText:"* click on element \"DepartureDateButton\" by id in \"BuyTicketPage.json\"" > 
16-06-2021 12:55:41.945 [Gauge] [DEBUG] Sending API response: messageType:GetStepValueResponse messageId:4 stepValueResponse:<stepValue:<stepValue:"* click on element {} by id in {}" parameterizedStepValue:"* click on element <DepartureDateButton> by id in <BuyTicketPage.json>" parameters:"DepartureDateButton" parameters:"BuyTicketPage.json" > > 
16-06-2021 12:55:41.945 [Gauge] [DEBUG] Api Request Received: messageType:GetStepValueRequest messageId:4 stepValueRequest:<stepText:"* Select Date \"DateToday\" by id in page \"BuyTicketPage.json\"" > 
16-06-2021 12:55:41.945 [Gauge] [DEBUG] Sending API response: messageType:GetStepValueResponse messageId:4 stepValueResponse:<stepValue:<stepValue:"* Select Date {} by id in page {}" parameterizedStepValue:"* Select Date <DateToday> by id in page <BuyTicketPage.json>" parameters:"DateToday" parameters:"BuyTicketPage.json" > > 
16-06-2021 12:55:41.945 [Gauge] [DEBUG] Api Request Received: messageType:GetStepValueRequest messageId:4 stepValueRequest:<stepText:"* click on element \"DoneButton\" by id in \"BuyTicketPage.json\"" > 
16-06-2021 12:55:41.945 [Gauge] [DEBUG] Sending API response: messageType:GetStepValueResponse messageId:4 stepValueResponse:<stepValue:<stepValue:"* click on element {} by id in {}" parameterizedStepValue:"* click on element <DoneButton> by id in <BuyTicketPage.json>" parameters:"DoneButton" parameters:"BuyTicketPage.json" > > 
16-06-2021 12:55:41.946 [Gauge] [DEBUG] Api Request Received: messageType:GetStepValueRequest messageId:4 stepValueRequest:<stepText:"* click on element \"AdultNumberIncrease\" by xpath in \"BuyTicketPage.json\"" > 
16-06-2021 12:55:41.946 [Gauge] [DEBUG] Sending API response: messageType:GetStepValueResponse messageId:4 stepValueResponse:<stepValue:<stepValue:"* click on element {} by xpath in {}" parameterizedStepValue:"* click on element <AdultNumberIncrease> by xpath in <BuyTicketPage.json>" parameters:"AdultNumberIncrease" parameters:"BuyTicketPage.json" > > 
16-06-2021 12:55:41.946 [Gauge] [DEBUG] Api Request Received: messageType:GetStepValueRequest messageId:4 stepValueRequest:<stepText:"* click on element \"SearchFlight\" by id in \"BuyTicketPage.json\"" > 
16-06-2021 12:55:41.946 [Gauge] [DEBUG] Sending API response: messageType:GetStepValueResponse messageId:4 stepValueResponse:<stepValue:<stepValue:"* click on element {} by id in {}" parameterizedStepValue:"* click on element <SearchFlight> by id in <BuyTicketPage.json>" parameters:"SearchFlight" parameters:"BuyTicketPage.json" > > 
16-06-2021 12:55:41.946 [Gauge] [DEBUG] Api Request Received: messageType:GetStepValueRequest messageId:4 stepValueRequest:<stepText:"* Check if \"FlightList\" is visible by id in \"FlightsPage.json\"" > 
16-06-2021 12:55:41.946 [Gauge] [DEBUG] Sending API response: messageType:GetStepValueResponse messageId:4 stepValueResponse:<stepValue:<stepValue:"* Check if {} is visible by id in {}" parameterizedStepValue:"* Check if <FlightList> is visible by id in <FlightsPage.json>" parameters:"FlightList" parameters:"FlightsPage.json" > > 
16-06-2021 12:55:41.946 [Gauge] [DEBUG] Api Request Received: messageType:GetStepValueRequest messageId:4 stepValueRequest:<stepText:"* Wait \"1\" seconds" > 
16-06-2021 12:55:41.946 [Gauge] [DEBUG] Sending API response: messageType:GetStepValueResponse messageId:4 stepValueResponse:<stepValue:<stepValue:"* Wait {} seconds" parameterizedStepValue:"* Wait <1> seconds" parameters:"1" > > 
16-06-2021 12:55:41.946 [Gauge] [DEBUG] Api Request Received: messageType:GetStepValueRequest messageId:4 stepValueRequest:<stepText:"* click on element \"FirstFlight\" by xpath in \"FlightsPage.json\"" > 
16-06-2021 12:55:41.946 [Gauge] [DEBUG] Sending API response: messageType:GetStepValueResponse messageId:4 stepValueResponse:<stepValue:<stepValue:"* click on element {} by xpath in {}" parameterizedStepValue:"* click on element <FirstFlight> by xpath in <FlightsPage.json>" parameters:"FirstFlight" parameters:"FlightsPage.json" > > 
16-06-2021 12:55:41.947 [Gauge] [DEBUG] Api Request Received: messageType:GetStepValueRequest messageId:4 stepValueRequest:<stepText:"* click on element \"EcoFly\" by xpath in \"FlightsPage.json\"" > 
16-06-2021 12:55:41.947 [Gauge] [DEBUG] Sending API response: messageType:GetStepValueResponse messageId:4 stepValueResponse:<stepValue:<stepValue:"* click on element {} by xpath in {}" parameterizedStepValue:"* click on element <EcoFly> by xpath in <FlightsPage.json>" parameters:"EcoFly" parameters:"FlightsPage.json" > > 
16-06-2021 12:55:41.947 [Gauge] [DEBUG] Api Request Received: messageType:GetStepValueRequest messageId:4 stepValueRequest:<stepText:"* click on element \"ContinueButton\" by id in \"FlightsPage.json\"" > 
16-06-2021 12:55:41.947 [Gauge] [DEBUG] Sending API response: messageType:GetStepValueResponse messageId:4 stepValueResponse:<stepValue:<stepValue:"* click on element {} by id in {}" parameterizedStepValue:"* click on element <ContinueButton> by id in <FlightsPage.json>" parameters:"ContinueButton" parameters:"FlightsPage.json" > > 
